[debug] [2023-02-13T12:37:59.217Z] ----------------------------------------------------------------------
[debug] [2023-02-13T12:37:59.219Z] Command:       C:\Program Files\nodejs\node.exe C:\Users\Dell\AppData\Roaming\npm\node_modules\firebase-tools\lib\bin\firebase.js init
[debug] [2023-02-13T12:37:59.219Z] CLI Version:   11.8.1
[debug] [2023-02-13T12:37:59.219Z] Platform:      win32
[debug] [2023-02-13T12:37:59.219Z] Node Version:  v16.13.0
[debug] [2023-02-13T12:37:59.220Z] Time:          Mon Feb 13 2023 14:37:59 GMT+0200 (Eastern European Standard Time)
[debug] [2023-02-13T12:37:59.220Z] ----------------------------------------------------------------------
[debug] 
[debug] [2023-02-13T12:37:59.280Z] > command requires scopes: ["email","openid","https://www.googleapis.com/auth/cloudplatformprojects.readonly","https://www.googleapis.com/auth/firebase","https://www.googleapis.com/auth/cloud-platform"]
[debug] [2023-02-13T12:37:59.280Z] > authorizing via signed-in user (attaali8@gmail.com)
[info] 
     ######## #### ########  ######## ########     ###     ######  ########
     ##        ##  ##     ## ##       ##     ##  ##   ##  ##       ##
     ######    ##  ########  ######   ########  #########  ######  ######
     ##        ##  ##    ##  ##       ##     ## ##     ##       ## ##
     ##       #### ##     ## ######## ########  ##     ##  ######  ########

You're about to initialize a Firebase project in this directory:

  D:\Work\(Work) Web Development\My Projects\Garden Notes\garden-notes

Before we get started, keep in mind:

  * You are initializing within an existing Firebase project directory

[info] 
=== Project Setup
[info] 
[info] First, let's associate this project directory with a Firebase project.
[info] You can create multiple project aliases by running firebase use --add, 
[info] but for now we'll just set up a default project.
[info] 
[debug] [2023-02-13T12:38:20.318Z] Using project from CLI flag: garden-notes
[debug] [2023-02-13T12:38:20.320Z] >>> [apiv2][query] GET https://firebase.googleapis.com/v1beta1/projects/garden-notes [none]
[debug] [2023-02-13T12:38:20.693Z] <<< [apiv2][status] GET https://firebase.googleapis.com/v1beta1/projects/garden-notes 200
[debug] [2023-02-13T12:38:20.693Z] <<< [apiv2][body] GET https://firebase.googleapis.com/v1beta1/projects/garden-notes {"projectId":"garden-notes","projectNumber":"58787499448","displayName":"Garden Notes","name":"projects/garden-notes","resources":{"hostingSite":"garden-notes","storageBucket":"garden-notes.appspot.com","locationId":"europe-west"},"state":"ACTIVE","etag":"1_7a54797c-a488-47e7-b2dd-0e2ab82a7055"}
[info] i  Using project garden-notes (Garden Notes) 
[info] 
=== Hosting:github Setup
[info] 
[info] i  Detected a .git folder at D:\Work\(Work) Web Development\My Projects\Garden Notes\garden-notes 
[info] i  Authorizing with GitHub to upload your service account to a GitHub repository's secrets store. 
[info] 
[info] Visit this URL on this device to log in:
[info] https://github.com/login/oauth/authorize?client_id=89cf50f02ac6aaed3484&state=366666598&redirect_uri=http%3A%2F%2Flocalhost%3A9005&scope=read%3Auser%20repo%20public_repo
[info] 
[info] Waiting for authentication...
[debug] [2023-02-13T12:38:21.371Z] >>> [apiv2][query] POST https://github.com/login/oauth/access_token [none]
[debug] [2023-02-13T12:38:21.372Z] >>> [apiv2][body] POST https://github.com/login/oauth/access_token [stream]
[debug] [2023-02-13T12:38:21.813Z] <<< [apiv2][status] POST https://github.com/login/oauth/access_token 200
[debug] [2023-02-13T12:38:21.813Z] <<< [apiv2][body] POST https://github.com/login/oauth/access_token {"access_token":"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","token_type":"bearer","scope":"read:user,repo"}
[debug] [2023-02-13T12:38:21.829Z] >>> [apiv2][query] GET https://api.github.com/user [none]
[debug] [2023-02-13T12:38:22.209Z] <<< [apiv2][status] GET https://api.github.com/user 200
[debug] [2023-02-13T12:38:22.209Z] <<< [apiv2][body] GET https://api.github.com/user {"login":"ahmedoothman","id":52932230,"node_id":"MDQ6VXNlcjUyOTMyMjMw","avatar_url":"https://avatars.githubusercontent.com/u/52932230?v=4","gravatar_id":"","url":"https://api.github.com/users/ahmedoothman","html_url":"https://github.com/ahmedoothman","followers_url":"https://api.github.com/users/ahmedoothman/followers","following_url":"https://api.github.com/users/ahmedoothman/following{/other_user}","gists_url":"https://api.github.com/users/ahmedoothman/gists{/gist_id}","starred_url":"https://api.github.com/users/ahmedoothman/starred{/owner}{/repo}","subscriptions_url":"https://api.github.com/users/ahmedoothman/subscriptions","organizations_url":"https://api.github.com/users/ahmedoothman/orgs","repos_url":"https://api.github.com/users/ahmedoothman/repos","events_url":"https://api.github.com/users/ahmedoothman/events{/privacy}","received_events_url":"https://api.github.com/users/ahmedoothman/received_events","type":"User","site_admin":false,"name":"Ahmed Othman","company":null,"blog":"ahmedothman.tech","location":"Cairo","email":null,"hireable":null,"bio":"Computer Engineering, Website Developer and Designer","twitter_username":null,"public_repos":21,"public_gists":0,"followers":2,"following":3,"created_at":"2019-07-15T18:01:34Z","updated_at":"2023-02-05T19:35:48Z","private_gists":2,"total_private_repos":15,"owned_private_repos":15,"disk_usage":373256,"collaborators":4,"two_factor_authentication":false,"plan":{"name":"pro","space":976562499,"collaborators":0,"private_repos":9999}}
[info] 
[info] +  Success! Logged into GitHub as ahmedoothman 
[info] 
